Using pre-set license
Built from '2021.2/staging' branch; Version is '2021.2.12f1 (48b1aa000234) revision 4764074'; Using compiler version '192829333'; Build Type 'Release'
OS: 'Windows 10  (10.0.19045) 64bit Core' Language: 'es' Physical Memory: 8071 MB
BatchMode: 1, IsHumanControllingUs: 0, StartBugReporterOnCrash: 0, Is64bit: 1, IsPro: 0

COMMAND LINE ARGUMENTS:
C:\Program Files\Unity\Hub\Editor\2021.2.12f1\Editor\Unity.exe
-adb2
-batchMode
-noUpm
-name
AssetImportWorker0
-projectPath
C:/Users/usuario/My project
-logFile
Logs/AssetImportWorker0.log
-srvPort
57489
Successfully changed project path to: C:/Users/usuario/My project
C:/Users/usuario/My project
[UnityMemory] Configuration Parameters - Can be set up in boot.config
    "memorysetup-bucket-allocator-granularity=16"
    "memorysetup-bucket-allocator-bucket-count=8"
    "memorysetup-bucket-allocator-block-size=33554432"
    "memorysetup-bucket-allocator-block-count=8"
    "memorysetup-main-allocator-block-size=16777216"
    "memorysetup-thread-allocator-block-size=16777216"
    "memorysetup-gfx-main-allocator-block-size=16777216"
    "memorysetup-gfx-thread-allocator-block-size=16777216"
    "memorysetup-cache-allocator-block-size=4194304"
    "memorysetup-typetree-allocator-block-size=2097152"
    "memorysetup-profiler-bucket-allocator-granularity=16"
    "memorysetup-profiler-bucket-allocator-bucket-count=8"
    "memorysetup-profiler-bucket-allocator-block-size=33554432"
    "memorysetup-profiler-bucket-allocator-block-count=8"
    "memorysetup-profiler-allocator-block-size=16777216"
    "memorysetup-profiler-editor-allocator-block-size=1048576"
    "memorysetup-temp-allocator-size-main=16777216"
    "memorysetup-job-temp-allocator-block-size=2097152"
    "memorysetup-job-temp-allocator-block-size-background=1048576"
    "memorysetup-job-temp-allocator-reduction-small-platforms=262144"
    "memorysetup-temp-allocator-size-background-worker=32768"
    "memorysetup-temp-allocator-size-job-worker=262144"
    "memorysetup-temp-allocator-size-preload-manager=33554432"
    "memorysetup-temp-allocator-size-nav-mesh-worker=65536"
    "memorysetup-temp-allocator-size-audio-worker=65536"
    "memorysetup-temp-allocator-size-cloud-worker=32768"
    "memorysetup-temp-allocator-size-gi-baking-worker=262144"
    "memorysetup-temp-allocator-size-gfx=262144"
Refreshing native plugins compatible for Editor in 166.01 ms, found 3 plugins.
Preloading 0 native plugins for Editor in 0.00 ms.
Initialize engine version: 2021.2.12f1 (48b1aa000234)
[Subsystems] Discovering subsystems at path C:/Program Files/Unity/Hub/Editor/2021.2.12f1/Editor/Data/Resources/UnitySubsystems
[Subsystems] Discovering subsystems at path C:/Users/usuario/My project/Assets
GfxDevice: creating device client; threaded=0; jobified=0
Direct3D:
    Version:  Direct3D 11.0 [level 11.1]
    Renderer: Intel(R) HD Graphics 520 (ID=0x1916)
    Vendor:   Intel
    VRAM:     4035 MB
    Driver:   25.20.100.6518
Initialize mono
Mono path[0] = 'C:/Program Files/Unity/Hub/Editor/2021.2.12f1/Editor/Data/Managed'
Mono path[1] = 'C:/Program Files/Unity/Hub/Editor/2021.2.12f1/Editor/Data/MonoBleedingEdge/lib/mono/unityjit-win32'
Mono config path = 'C:/Program Files/Unity/Hub/Editor/2021.2.12f1/Editor/Data/MonoBleedingEdge/etc'
Using monoOptions --debugger-agent=transport=dt_socket,embedding=1,server=y,suspend=n,address=127.0.0.1:56156
Begin MonoManager ReloadAssembly
Registering precompiled unity dll's ...
Register platform support module: C:/Program Files/Unity/Hub/Editor/2021.2.12f1/Editor/Data/PlaybackEngines/WindowsStandaloneSupport/UnityEditor.WindowsStandalone.Extensions.dll
Registered in 0.055766 seconds.
Native extension for WindowsStandalone target not found
Refreshing native plugins compatible for Editor in 126.67 ms, found 3 plugins.
Preloading 0 native plugins for Editor in 0.00 ms.
Mono: successfully reloaded assembly
- Completed reload, in  1.383 seconds
Domain Reload Profiling:
	ReloadAssembly (1384ms)
		BeginReloadAssembly (398ms)
			ExecutionOrderSort (0ms)
			DisableScriptedObjects (0ms)
			BackupInstance (0ms)
			ReleaseScriptingObjects (0ms)
			CreateAndSetChildDomain (1ms)
		EndReloadAssembly (722ms)
			LoadAssemblies (393ms)
			RebuildTransferFunctionScriptingTraits (0ms)
			SetupTypeCache (159ms)
			ReleaseScriptCaches (0ms)
			RebuildScriptCaches (46ms)
			SetupLoadedEditorAssemblies (434ms)
				LogAssemblyErrors (0ms)
				InitializePlatformSupportModulesInManaged (12ms)
				SetLoadedEditorAssemblies (0ms)
				RefreshPlugins (127ms)
				BeforeProcessingInitializeOnLoad (2ms)
				ProcessInitializeOnLoadAttributes (213ms)
				ProcessInitializeOnLoadMethodAttributes (80ms)
				AfterProcessingInitializeOnLoad (0ms)
				EditorAssembliesLoaded (0ms)
			ExecutionOrderSort2 (0ms)
			AwakeInstancesAfterBackupRestoration (0ms)
Platform modules already initialized, skipping
Registering precompiled user dll's ...
Registered in 0.011364 seconds.
Begin MonoManager ReloadAssembly
Symbol file LoadedFromMemory doesn't match image C:\Users\usuario\My project\Library\PackageCache\com.unity.visualscripting@1.7.6\Editor\VisualScripting.Core\Dependencies\YamlDotNet\Unity.VisualScripting.YamlDotNet.dll
Symbol file LoadedFromMemory doesn't match image C:\Users\usuario\My project\Library\PackageCache\com.unity.visualscripting@1.7.6\Editor\VisualScripting.Core\Dependencies\DotNetZip\Unity.VisualScripting.IonicZip.dll
Native extension for WindowsStandalone target not found
Refreshing native plugins compatible for Editor in 0.76 ms, found 3 plugins.
Preloading 0 native plugins for Editor in 0.00 ms.
Mono: successfully reloaded assembly
- Completed reload, in  2.305 seconds
Domain Reload Profiling:
	ReloadAssembly (2307ms)
		BeginReloadAssembly (249ms)
			ExecutionOrderSort (0ms)
			DisableScriptedObjects (9ms)
			BackupInstance (0ms)
			ReleaseScriptingObjects (0ms)
			CreateAndSetChildDomain (28ms)
		EndReloadAssembly (1824ms)
			LoadAssemblies (365ms)
			RebuildTransferFunctionScriptingTraits (0ms)
			SetupTypeCache (426ms)
			ReleaseScriptCaches (1ms)
			RebuildScriptCaches (80ms)
			SetupLoadedEditorAssemblies (963ms)
				LogAssemblyErrors (0ms)
				InitializePlatformSupportModulesInManaged (10ms)
				SetLoadedEditorAssemblies (1ms)
				RefreshPlugins (1ms)
				BeforeProcessingInitializeOnLoad (145ms)
				ProcessInitializeOnLoadAttributes (761ms)
				ProcessInitializeOnLoadMethodAttributes (26ms)
				AfterProcessingInitializeOnLoad (18ms)
				EditorAssembliesLoaded (0ms)
			ExecutionOrderSort2 (0ms)
			AwakeInstancesAfterBackupRestoration (10ms)
Platform modules already initialized, skipping
========================================================================
Worker process is ready to serve import requests
Launched and connected shader compiler UnityShaderCompiler.exe after 0.15 seconds
Refreshing native plugins compatible for Editor in 0.64 ms, found 3 plugins.
Preloading 0 native plugins for Editor in 0.00 ms.
Unloading 3400 Unused Serialized files (Serialized files now loaded: 0)
Unloading 22 unused Assets / (102.7 KB). Loaded Objects now: 3875.
Memory consumption went from 134.4 MB to 134.3 MB.
Total: 4.892600 ms (FindLiveObjects: 0.335100 ms CreateObjectMapping: 0.261200 ms MarkObjects: 4.091100 ms  DeleteObjects: 0.186300 ms)

AssetImportParameters requested are different than current active one (requested -> active):
  custom:video-decoder-ogg-theora: a1e56fd34408186e4bbccfd4996cb3dc -> 
  custom:container-muxer-webm: aa71ff27fc2769a1b78a27578f13a17b -> 
  custom:container-demuxer-webm: 4f35f7cbe854078d1ac9338744f61a02 -> 
  custom:video-encoder-webm-vp8: eb34c28f22e8b96e1ab97ce403110664 -> 
  custom:video-codec-MediaFoundation-h265: 746d11721c4dcdbdad8f713fa42b33f4 -> 
  custom:audio-encoder-webm-vorbis: bf7c407c2cedff20999df2af8eb42d56 -> 
  custom:framework-win-MediaFoundation: 216162199b28c13a410421893ffa2e32 -> 
  custom:container-demuxer-ogg: 62fdf1f143b41e24485cea50d1cbac27 -> 
  custom:video-decoder-webm-vp8: 9c59270c3fd7afecdb556c50c9e8de78 -> 
  custom:audio-decoder-ogg-vorbis: bf7c407c2cedff20999df2af8eb42d56 -> 
========================================================================
Received Import Request.
  Time since last request: 923312.136272 seconds.
  path: Assets/Laberintos
  artifactKey: Guid(7a791d57f59ca844186ea289e890db75) Importer(815301076,1909f56bfc062723c751e8b465ee728b)
Start importing Assets/Laberintos using Guid(7a791d57f59ca844186ea289e890db75) Importer(815301076,1909f56bfc062723c751e8b465ee728b)  -> (artifact id: 'da00b827f4d8d3b88df2822347613daf') in 0.013875 seconds 
========================================================================
Received Import Request.
  Time since last request: 0.000030 seconds.
  path: Assets/Laberintos/laberinto1.blend
  artifactKey: Guid(a41f7c70ac0a2574aaef1cbbbb956fdc) Importer(815301076,1909f56bfc062723c751e8b465ee728b)
Start importing Assets/Laberintos/laberinto1.blend using Guid(a41f7c70ac0a2574aaef1cbbbb956fdc) Importer(815301076,1909f56bfc062723c751e8b465ee728b)  -> (artifact id: '3bf909dff260fc6a481a3683adc27ee5') in 0.262754 seconds 
========================================================================
Received Import Request.
  Time since last request: 141.694848 seconds.
  path: Assets/diamonds1
  artifactKey: Guid(69340f19b37689d44ac53ecf237f9d18) Importer(815301076,1909f56bfc062723c751e8b465ee728b)
Start importing Assets/diamonds1 using Guid(69340f19b37689d44ac53ecf237f9d18) Importer(815301076,1909f56bfc062723c751e8b465ee728b)  -> (artifact id: '70a97a1870ac6c96c4a11585dc589a07') in 0.009414 seconds 
========================================================================
Received Import Request.
  Time since last request: 47.599835 seconds.
  path: Assets/Laberintos/laberinto1.blend
  artifactKey: Guid(a41f7c70ac0a2574aaef1cbbbb956fdc) Importer(815301076,1909f56bfc062723c751e8b465ee728b)
Start importing Assets/Laberintos/laberinto1.blend using Guid(a41f7c70ac0a2574aaef1cbbbb956fdc) Importer(815301076,1909f56bfc062723c751e8b465ee728b)  -> (artifact id: '360456f00409828797e30fd200532f2f') in 0.075967 seconds 
========================================================================
Received Import Request.
  Time since last request: 102.275496 seconds.
  path: Assets/Laberintos/laberinto1.blend1
  artifactKey: Guid(787e33230b31a484ca60823c5da8fe63) Importer(815301076,1909f56bfc062723c751e8b465ee728b)
Start importing Assets/Laberintos/laberinto1.blend1 using Guid(787e33230b31a484ca60823c5da8fe63) Importer(815301076,1909f56bfc062723c751e8b465ee728b)  -> (artifact id: 'f07cf7f9c5eed0c17bb72626cac07440') in 0.017436 seconds 
========================================================================
Received Import Request.
  Time since last request: 31.526075 seconds.
  path: Assets/Laberintos/laberinto1.fbx
  artifactKey: Guid(b19e938673783034e832ddcf6bca254d) Importer(815301076,1909f56bfc062723c751e8b465ee728b)
Start importing Assets/Laberintos/laberinto1.fbx using Guid(b19e938673783034e832ddcf6bca254d) Importer(815301076,1909f56bfc062723c751e8b465ee728b)  -> (artifact id: '7a6cba7031f543d9b4834ce2091cd224') in 0.065562 seconds 
========================================================================
Received Import Request.
  Time since last request: 193.472751 seconds.
  path: Assets/Materials/Negro.mat
  artifactKey: Guid(7a09eabb926addb41935a659ebffe51f) Importer(815301076,1909f56bfc062723c751e8b465ee728b)
Start importing Assets/Materials/Negro.mat using Guid(7a09eabb926addb41935a659ebffe51f) Importer(815301076,1909f56bfc062723c751e8b465ee728b)  -> (artifact id: '5a5eda7aa439cef8f22604ee0b2d640e') in 0.092461 seconds 
========================================================================
Received Import Request.
  Time since last request: 347.700253 seconds.
  path: Assets/Laberintos/laberinto2.fbx
  artifactKey: Guid(2578410bb32434f41a0bae543117f862) Importer(815301076,1909f56bfc062723c751e8b465ee728b)
Start importing Assets/Laberintos/laberinto2.fbx using Guid(2578410bb32434f41a0bae543117f862) Importer(815301076,1909f56bfc062723c751e8b465ee728b)  -> (artifact id: '3e509769d4eab17d3468bbc48e55c538') in 0.032113 seconds 
========================================================================
Received Import Request.
  Time since last request: 184.150757 seconds.
  path: Assets/Laberintos/laberinto2.fbx
  artifactKey: Guid(2578410bb32434f41a0bae543117f862) Importer(815301076,1909f56bfc062723c751e8b465ee728b)
Start importing Assets/Laberintos/laberinto2.fbx using Guid(2578410bb32434f41a0bae543117f862) Importer(815301076,1909f56bfc062723c751e8b465ee728b)  -> (artifact id: 'a21f653b20fb6dbf03868922805a4588') in 0.070813 seconds 
========================================================================
Received Import Request.
  Time since last request: 13.934498 seconds.
  path: Assets/Laberintos/laberinto2.fbx
  artifactKey: Guid(2578410bb32434f41a0bae543117f862) Importer(815301076,1909f56bfc062723c751e8b465ee728b)
Start importing Assets/Laberintos/laberinto2.fbx using Guid(2578410bb32434f41a0bae543117f862) Importer(815301076,1909f56bfc062723c751e8b465ee728b)  -> (artifact id: '2d6718b5d7637a342c96b80ef13a45d7') in 0.057332 seconds 
========================================================================
Received Prepare
Registering precompiled user dll's ...
Registered in 0.010923 seconds.
Begin MonoManager ReloadAssembly
Symbol file LoadedFromMemory doesn't match image C:\Users\usuario\My project\Library\PackageCache\com.unity.visualscripting@1.7.6\Editor\VisualScripting.Core\Dependencies\YamlDotNet\Unity.VisualScripting.YamlDotNet.dll
Symbol file LoadedFromMemory doesn't match image C:\Users\usuario\My project\Library\PackageCache\com.unity.visualscripting@1.7.6\Editor\VisualScripting.Core\Dependencies\DotNetZip\Unity.VisualScripting.IonicZip.dll
Native extension for WindowsStandalone target not found
Refreshing native plugins compatible for Editor in 0.80 ms, found 3 plugins.
Preloading 0 native plugins for Editor in 0.00 ms.
Mono: successfully reloaded assembly
- Completed reload, in  1.821 seconds
Domain Reload Profiling:
	ReloadAssembly (1822ms)
		BeginReloadAssembly (223ms)
			ExecutionOrderSort (0ms)
			DisableScriptedObjects (6ms)
			BackupInstance (0ms)
			ReleaseScriptingObjects (0ms)
			CreateAndSetChildDomain (53ms)
		EndReloadAssembly (1441ms)
			LoadAssemblies (168ms)
			RebuildTransferFunctionScriptingTraits (0ms)
			SetupTypeCache (360ms)
			ReleaseScriptCaches (2ms)
			RebuildScriptCaches (56ms)
			SetupLoadedEditorAssemblies (818ms)
				LogAssemblyErrors (0ms)
				InitializePlatformSupportModulesInManaged (24ms)
				SetLoadedEditorAssemblies (1ms)
				RefreshPlugins (1ms)
				BeforeProcessingInitializeOnLoad (108ms)
				ProcessInitializeOnLoadAttributes (640ms)
				ProcessInitializeOnLoadMethodAttributes (25ms)
				AfterProcessingInitializeOnLoad (18ms)
				EditorAssembliesLoaded (0ms)
			ExecutionOrderSort2 (0ms)
			AwakeInstancesAfterBackupRestoration (10ms)
Platform modules already initialized, skipping
Refreshing native plugins compatible for Editor in 2.80 ms, found 3 plugins.
Preloading 0 native plugins for Editor in 0.00 ms.
Unloading 3375 Unused Serialized files (Serialized files now loaded: 0)
Unloading 15 unused Assets / (86.5 KB). Loaded Objects now: 3921.
Memory consumption went from 137.0 MB to 136.9 MB.
Total: 4.675700 ms (FindLiveObjects: 0.313000 ms CreateObjectMapping: 0.249900 ms MarkObjects: 3.990100 ms  DeleteObjects: 0.121200 ms)

AssetImportParameters requested are different than current active one (requested -> active):
  custom:video-decoder-ogg-theora: a1e56fd34408186e4bbccfd4996cb3dc -> 
  custom:container-muxer-webm: aa71ff27fc2769a1b78a27578f13a17b -> 
  custom:container-demuxer-webm: 4f35f7cbe854078d1ac9338744f61a02 -> 
  custom:video-encoder-webm-vp8: eb34c28f22e8b96e1ab97ce403110664 -> 
  custom:video-codec-MediaFoundation-h265: 746d11721c4dcdbdad8f713fa42b33f4 -> 
  custom:audio-encoder-webm-vorbis: bf7c407c2cedff20999df2af8eb42d56 -> 
  custom:framework-win-MediaFoundation: 216162199b28c13a410421893ffa2e32 -> 
  custom:container-demuxer-ogg: 62fdf1f143b41e24485cea50d1cbac27 -> 
  custom:video-decoder-webm-vp8: 9c59270c3fd7afecdb556c50c9e8de78 -> 
  custom:audio-decoder-ogg-vorbis: bf7c407c2cedff20999df2af8eb42d56 -> 
========================================================================
Received Prepare
Registering precompiled user dll's ...
Registered in 0.013928 seconds.
Begin MonoManager ReloadAssembly
Symbol file LoadedFromMemory doesn't match image C:\Users\usuario\My project\Library\PackageCache\com.unity.visualscripting@1.7.6\Editor\VisualScripting.Core\Dependencies\YamlDotNet\Unity.VisualScripting.YamlDotNet.dll
Symbol file LoadedFromMemory doesn't match image C:\Users\usuario\My project\Library\PackageCache\com.unity.visualscripting@1.7.6\Editor\VisualScripting.Core\Dependencies\DotNetZip\Unity.VisualScripting.IonicZip.dll
Native extension for WindowsStandalone target not found
Refreshing native plugins compatible for Editor in 0.72 ms, found 3 plugins.
Preloading 0 native plugins for Editor in 0.00 ms.
Mono: successfully reloaded assembly
- Completed reload, in  2.173 seconds
Domain Reload Profiling:
	ReloadAssembly (2174ms)
		BeginReloadAssembly (246ms)
			ExecutionOrderSort (0ms)
			DisableScriptedObjects (7ms)
			BackupInstance (0ms)
			ReleaseScriptingObjects (0ms)
			CreateAndSetChildDomain (49ms)
		EndReloadAssembly (1756ms)
			LoadAssemblies (183ms)
			RebuildTransferFunctionScriptingTraits (0ms)
			SetupTypeCache (411ms)
			ReleaseScriptCaches (2ms)
			RebuildScriptCaches (80ms)
			SetupLoadedEditorAssemblies (1046ms)
				LogAssemblyErrors (0ms)
				InitializePlatformSupportModulesInManaged (32ms)
				SetLoadedEditorAssemblies (1ms)
				RefreshPlugins (1ms)
				BeforeProcessingInitializeOnLoad (152ms)
				ProcessInitializeOnLoadAttributes (816ms)
				ProcessInitializeOnLoadMethodAttributes (25ms)
				AfterProcessingInitializeOnLoad (18ms)
				EditorAssembliesLoaded (0ms)
			ExecutionOrderSort2 (0ms)
			AwakeInstancesAfterBackupRestoration (10ms)
Platform modules already initialized, skipping
Refreshing native plugins compatible for Editor in 2.96 ms, found 3 plugins.
Preloading 0 native plugins for Editor in 0.00 ms.
Unloading 3375 Unused Serialized files (Serialized files now loaded: 0)
Unloading 15 unused Assets / (62.9 KB). Loaded Objects now: 3923.
Memory consumption went from 137.0 MB to 136.9 MB.
Total: 10.863700 ms (FindLiveObjects: 0.399700 ms CreateObjectMapping: 0.688600 ms MarkObjects: 9.555100 ms  DeleteObjects: 0.218500 ms)

AssetImportParameters requested are different than current active one (requested -> active):
  custom:video-decoder-ogg-theora: a1e56fd34408186e4bbccfd4996cb3dc -> 
  custom:container-muxer-webm: aa71ff27fc2769a1b78a27578f13a17b -> 
  custom:container-demuxer-webm: 4f35f7cbe854078d1ac9338744f61a02 -> 
  custom:video-encoder-webm-vp8: eb34c28f22e8b96e1ab97ce403110664 -> 
  custom:video-codec-MediaFoundation-h265: 746d11721c4dcdbdad8f713fa42b33f4 -> 
  custom:audio-encoder-webm-vorbis: bf7c407c2cedff20999df2af8eb42d56 -> 
  custom:framework-win-MediaFoundation: 216162199b28c13a410421893ffa2e32 -> 
  custom:container-demuxer-ogg: 62fdf1f143b41e24485cea50d1cbac27 -> 
  custom:video-decoder-webm-vp8: 9c59270c3fd7afecdb556c50c9e8de78 -> 
  custom:audio-decoder-ogg-vorbis: bf7c407c2cedff20999df2af8eb42d56 -> 
========================================================================
Received Import Request.
  Time since last request: 2269.070372 seconds.
  path: Assets/Scripts
  artifactKey: Guid(cbef5fec9685f4344bd4eb9e95f4d16f) Importer(815301076,1909f56bfc062723c751e8b465ee728b)
Start importing Assets/Scripts using Guid(cbef5fec9685f4344bd4eb9e95f4d16f) Importer(815301076,1909f56bfc062723c751e8b465ee728b)  -> (artifact id: '5efa56679e245fa1df4d24b1e3172fb8') in 0.012801 seconds 
========================================================================
Received Import Request.
  Time since last request: 1.752590 seconds.
  path: Assets/Scripts/GameController.cs
  artifactKey: Guid(95fb04a729645c847b4f02dba2f670c7) Importer(815301076,1909f56bfc062723c751e8b465ee728b)
Start importing Assets/Scripts/GameController.cs using Guid(95fb04a729645c847b4f02dba2f670c7) Importer(815301076,1909f56bfc062723c751e8b465ee728b)  -> (artifact id: '2140a98eba136058fd2fc4ed10bfeb96') in 0.018840 seconds 
========================================================================
Received Prepare
Registering precompiled user dll's ...
Registered in 0.012367 seconds.
Begin MonoManager ReloadAssembly
Symbol file LoadedFromMemory doesn't match image C:\Users\usuario\My project\Library\PackageCache\com.unity.visualscripting@1.7.6\Editor\VisualScripting.Core\Dependencies\YamlDotNet\Unity.VisualScripting.YamlDotNet.dll
Symbol file LoadedFromMemory doesn't match image C:\Users\usuario\My project\Library\PackageCache\com.unity.visualscripting@1.7.6\Editor\VisualScripting.Core\Dependencies\DotNetZip\Unity.VisualScripting.IonicZip.dll
Native extension for WindowsStandalone target not found
Refreshing native plugins compatible for Editor in 0.72 ms, found 3 plugins.
Preloading 0 native plugins for Editor in 0.00 ms.
Mono: successfully reloaded assembly
- Completed reload, in  2.097 seconds
Domain Reload Profiling:
	ReloadAssembly (2098ms)
		BeginReloadAssembly (210ms)
			ExecutionOrderSort (0ms)
			DisableScriptedObjects (8ms)
			BackupInstance (0ms)
			ReleaseScriptingObjects (0ms)
			CreateAndSetChildDomain (47ms)
		EndReloadAssembly (1733ms)
			LoadAssemblies (180ms)
			RebuildTransferFunctionScriptingTraits (0ms)
			SetupTypeCache (385ms)
			ReleaseScriptCaches (2ms)
			RebuildScriptCaches (72ms)
			SetupLoadedEditorAssemblies (1047ms)
				LogAssemblyErrors (0ms)
				InitializePlatformSupportModulesInManaged (25ms)
				SetLoadedEditorAssemblies (1ms)
				RefreshPlugins (1ms)
				BeforeProcessingInitializeOnLoad (113ms)
				ProcessInitializeOnLoadAttributes (863ms)
				ProcessInitializeOnLoadMethodAttributes (26ms)
				AfterProcessingInitializeOnLoad (19ms)
				EditorAssembliesLoaded (0ms)
			ExecutionOrderSort2 (0ms)
			AwakeInstancesAfterBackupRestoration (10ms)
Platform modules already initialized, skipping
Refreshing native plugins compatible for Editor in 3.15 ms, found 3 plugins.
Preloading 0 native plugins for Editor in 0.00 ms.
Unloading 3375 Unused Serialized files (Serialized files now loaded: 0)
Unloading 15 unused Assets / (86.3 KB). Loaded Objects now: 3925.
Memory consumption went from 137.0 MB to 136.9 MB.
Total: 4.565200 ms (FindLiveObjects: 0.405200 ms CreateObjectMapping: 0.273600 ms MarkObjects: 3.737800 ms  DeleteObjects: 0.147200 ms)

AssetImportParameters requested are different than current active one (requested -> active):
  custom:video-decoder-ogg-theora: a1e56fd34408186e4bbccfd4996cb3dc -> 
  custom:container-muxer-webm: aa71ff27fc2769a1b78a27578f13a17b -> 
  custom:container-demuxer-webm: 4f35f7cbe854078d1ac9338744f61a02 -> 
  custom:video-encoder-webm-vp8: eb34c28f22e8b96e1ab97ce403110664 -> 
  custom:video-codec-MediaFoundation-h265: 746d11721c4dcdbdad8f713fa42b33f4 -> 
  custom:audio-encoder-webm-vorbis: bf7c407c2cedff20999df2af8eb42d56 -> 
  custom:framework-win-MediaFoundation: 216162199b28c13a410421893ffa2e32 -> 
  custom:container-demuxer-ogg: 62fdf1f143b41e24485cea50d1cbac27 -> 
  custom:video-decoder-webm-vp8: 9c59270c3fd7afecdb556c50c9e8de78 -> 
  custom:audio-decoder-ogg-vorbis: bf7c407c2cedff20999df2af8eb42d56 -> 
========================================================================
Received Import Request.
  Time since last request: 175.925888 seconds.
  path: Assets/Scripts/GameController.cs
  artifactKey: Guid(95fb04a729645c847b4f02dba2f670c7) Importer(815301076,1909f56bfc062723c751e8b465ee728b)
Start importing Assets/Scripts/GameController.cs using Guid(95fb04a729645c847b4f02dba2f670c7) Importer(815301076,1909f56bfc062723c751e8b465ee728b)  -> (artifact id: '0fc3fcdbd04cbb0dde66d98c19ae4121') in 0.012543 seconds 
========================================================================
Received Import Request.
  Time since last request: 44.646349 seconds.
  path: Assets/Scripts/Rotator.cs
  artifactKey: Guid(9311ee3ae1ddd24489febb3997f751a1) Importer(815301076,1909f56bfc062723c751e8b465ee728b)
Start importing Assets/Scripts/Rotator.cs using Guid(9311ee3ae1ddd24489febb3997f751a1) Importer(815301076,1909f56bfc062723c751e8b465ee728b)  -> (artifact id: '8969c9a9a9566c04c95458b4049f62c2') in 0.014674 seconds 
========================================================================
Received Import Request.
  Time since last request: 41.803089 seconds.
  path: Assets/Laberintos/laberinto1.blend
  artifactKey: Guid(a41f7c70ac0a2574aaef1cbbbb956fdc) Importer(815301076,1909f56bfc062723c751e8b465ee728b)
Start importing Assets/Laberintos/laberinto1.blend using Guid(a41f7c70ac0a2574aaef1cbbbb956fdc) Importer(815301076,1909f56bfc062723c751e8b465ee728b)  -> (artifact id: 'ad570e9d6e365782a2bdd90030442c41') in 0.162076 seconds 
========================================================================
Received Import Request.
  Time since last request: 0.000041 seconds.
  path: Assets/Laberintos/laberinto6.fbx
  artifactKey: Guid(087be3afe1444db4c810c1a3f0388b2c) Importer(815301076,1909f56bfc062723c751e8b465ee728b)
Start importing Assets/Laberintos/laberinto6.fbx using Guid(087be3afe1444db4c810c1a3f0388b2c) Importer(815301076,1909f56bfc062723c751e8b465ee728b)  -> (artifact id: '333c8b5e8ad1719047508b2d4f5ffaf5') in 0.053637 seconds 
========================================================================
Received Import Request.
  Time since last request: 0.000035 seconds.
  path: Assets/Laberintos/laberinto5.fbx
  artifactKey: Guid(252221fccd5a8af4287524cb05ae0c53) Importer(815301076,1909f56bfc062723c751e8b465ee728b)
Start importing Assets/Laberintos/laberinto5.fbx using Guid(252221fccd5a8af4287524cb05ae0c53) Importer(815301076,1909f56bfc062723c751e8b465ee728b)  -> (artifact id: '0dcb6198335baf0e2af766d94969f18b') in 0.070858 seconds 
========================================================================
Received Import Request.
  Time since last request: 0.000028 seconds.
  path: Assets/Laberintos/laberinto3.fbx
  artifactKey: Guid(119fdbf4c446c60408b858ab2fc2c8a0) Importer(815301076,1909f56bfc062723c751e8b465ee728b)
Start importing Assets/Laberintos/laberinto3.fbx using Guid(119fdbf4c446c60408b858ab2fc2c8a0) Importer(815301076,1909f56bfc062723c751e8b465ee728b)  -> (artifact id: '59bc6aecb571ceb11eb78088d4914c0a') in 0.056779 seconds 
========================================================================
Received Import Request.
  Time since last request: 0.000029 seconds.
  path: Assets/Laberintos/laberinto4.fbx
  artifactKey: Guid(56aaaa124785a5a4990436ca45fa3974) Importer(815301076,1909f56bfc062723c751e8b465ee728b)
Start importing Assets/Laberintos/laberinto4.fbx using Guid(56aaaa124785a5a4990436ca45fa3974) Importer(815301076,1909f56bfc062723c751e8b465ee728b)  -> (artifact id: '3ed4a3abff09b8337e01d5b2229fe5d9') in 0.050385 seconds 
========================================================================
Received Prepare
Registering precompiled user dll's ...
Registered in 0.014883 seconds.
Begin MonoManager ReloadAssembly
Symbol file LoadedFromMemory doesn't match image C:\Users\usuario\My project\Library\PackageCache\com.unity.visualscripting@1.7.6\Editor\VisualScripting.Core\Dependencies\YamlDotNet\Unity.VisualScripting.YamlDotNet.dll
Symbol file LoadedFromMemory doesn't match image C:\Users\usuario\My project\Library\PackageCache\com.unity.visualscripting@1.7.6\Editor\VisualScripting.Core\Dependencies\DotNetZip\Unity.VisualScripting.IonicZip.dll
Native extension for WindowsStandalone target not found
Refreshing native plugins compatible for Editor in 0.72 ms, found 3 plugins.
Preloading 0 native plugins for Editor in 0.00 ms.
Mono: successfully reloaded assembly
- Completed reload, in  1.734 seconds
Domain Reload Profiling:
	ReloadAssembly (1735ms)
		BeginReloadAssembly (197ms)
			ExecutionOrderSort (0ms)
			DisableScriptedObjects (7ms)
			BackupInstance (0ms)
			ReleaseScriptingObjects (0ms)
			CreateAndSetChildDomain (50ms)
		EndReloadAssembly (1387ms)
			LoadAssemblies (130ms)
			RebuildTransferFunctionScriptingTraits (0ms)
			SetupTypeCache (356ms)
			ReleaseScriptCaches (2ms)
			RebuildScriptCaches (59ms)
			SetupLoadedEditorAssemblies (785ms)
				LogAssemblyErrors (0ms)
				InitializePlatformSupportModulesInManaged (26ms)
				SetLoadedEditorAssemblies (1ms)
				RefreshPlugins (1ms)
				BeforeProcessingInitializeOnLoad (108ms)
				ProcessInitializeOnLoadAttributes (607ms)
				ProcessInitializeOnLoadMethodAttributes (24ms)
				AfterProcessingInitializeOnLoad (19ms)
				EditorAssembliesLoaded (0ms)
			ExecutionOrderSort2 (0ms)
			AwakeInstancesAfterBackupRestoration (10ms)
Platform modules already initialized, skipping
Refreshing native plugins compatible for Editor in 3.82 ms, found 3 plugins.
Preloading 0 native plugins for Editor in 0.00 ms.
Unloading 3376 Unused Serialized files (Serialized files now loaded: 0)
Unloading 15 unused Assets / (86.5 KB). Loaded Objects now: 3928.
Memory consumption went from 137.1 MB to 137.0 MB.
Total: 5.174900 ms (FindLiveObjects: 0.404000 ms CreateObjectMapping: 0.224200 ms MarkObjects: 4.411800 ms  DeleteObjects: 0.133800 ms)

AssetImportParameters requested are different than current active one (requested -> active):
  custom:video-decoder-ogg-theora: a1e56fd34408186e4bbccfd4996cb3dc -> 
  custom:container-muxer-webm: aa71ff27fc2769a1b78a27578f13a17b -> 
  custom:container-demuxer-webm: 4f35f7cbe854078d1ac9338744f61a02 -> 
  custom:video-encoder-webm-vp8: eb34c28f22e8b96e1ab97ce403110664 -> 
  custom:video-codec-MediaFoundation-h265: 746d11721c4dcdbdad8f713fa42b33f4 -> 
  custom:audio-encoder-webm-vorbis: bf7c407c2cedff20999df2af8eb42d56 -> 
  custom:framework-win-MediaFoundation: 216162199b28c13a410421893ffa2e32 -> 
  custom:container-demuxer-ogg: 62fdf1f143b41e24485cea50d1cbac27 -> 
  custom:video-decoder-webm-vp8: 9c59270c3fd7afecdb556c50c9e8de78 -> 
  custom:audio-decoder-ogg-vorbis: bf7c407c2cedff20999df2af8eb42d56 -> 
========================================================================
Received Import Request.
  Time since last request: 54.829261 seconds.
  path: Assets/Prefabs/diamanteAmarillo.prefab
  artifactKey: Guid(f415840c878ae384d9ddd32f6b5ff404) Importer(815301076,1909f56bfc062723c751e8b465ee728b)
Start importing Assets/Prefabs/diamanteAmarillo.prefab using Guid(f415840c878ae384d9ddd32f6b5ff404) Importer(815301076,1909f56bfc062723c751e8b465ee728b)  -> (artifact id: '57acd8ace7656cd29936c60f85583338') in 0.119090 seconds 
========================================================================
Received Prepare
Registering precompiled user dll's ...
Registered in 0.010017 seconds.
Begin MonoManager ReloadAssembly
Symbol file LoadedFromMemory doesn't match image C:\Users\usuario\My project\Library\PackageCache\com.unity.visualscripting@1.7.6\Editor\VisualScripting.Core\Dependencies\YamlDotNet\Unity.VisualScripting.YamlDotNet.dll
Symbol file LoadedFromMemory doesn't match image C:\Users\usuario\My project\Library\PackageCache\com.unity.visualscripting@1.7.6\Editor\VisualScripting.Core\Dependencies\DotNetZip\Unity.VisualScripting.IonicZip.dll
Native extension for WindowsStandalone target not found
Refreshing native plugins compatible for Editor in 0.69 ms, found 3 plugins.
Preloading 0 native plugins for Editor in 0.00 ms.
Mono: successfully reloaded assembly
- Completed reload, in  1.766 seconds
Domain Reload Profiling:
	ReloadAssembly (1767ms)
		BeginReloadAssembly (204ms)
			ExecutionOrderSort (0ms)
			DisableScriptedObjects (7ms)
			BackupInstance (0ms)
			ReleaseScriptingObjects (0ms)
			CreateAndSetChildDomain (48ms)
		EndReloadAssembly (1413ms)
			LoadAssemblies (159ms)
			RebuildTransferFunctionScriptingTraits (0ms)
			SetupTypeCache (379ms)
			ReleaseScriptCaches (2ms)
			RebuildScriptCaches (56ms)
			SetupLoadedEditorAssemblies (770ms)
				LogAssemblyErrors (0ms)
				InitializePlatformSupportModulesInManaged (25ms)
				SetLoadedEditorAssemblies (1ms)
				RefreshPlugins (1ms)
				BeforeProcessingInitializeOnLoad (108ms)
				ProcessInitializeOnLoadAttributes (592ms)
				ProcessInitializeOnLoadMethodAttributes (24ms)
				AfterProcessingInitializeOnLoad (18ms)
				EditorAssembliesLoaded (0ms)
			ExecutionOrderSort2 (0ms)
			AwakeInstancesAfterBackupRestoration (10ms)
Platform modules already initialized, skipping
Refreshing native plugins compatible for Editor in 4.18 ms, found 3 plugins.
Preloading 0 native plugins for Editor in 0.00 ms.
Unloading 3376 Unused Serialized files (Serialized files now loaded: 0)
Unloading 15 unused Assets / (86.3 KB). Loaded Objects now: 3930.
Memory consumption went from 137.1 MB to 137.0 MB.
Total: 5.477300 ms (FindLiveObjects: 0.499800 ms CreateObjectMapping: 0.304400 ms MarkObjects: 4.390200 ms  DeleteObjects: 0.281700 ms)

AssetImportParameters requested are different than current active one (requested -> active):
  custom:video-decoder-ogg-theora: a1e56fd34408186e4bbccfd4996cb3dc -> 
  custom:container-muxer-webm: aa71ff27fc2769a1b78a27578f13a17b -> 
  custom:container-demuxer-webm: 4f35f7cbe854078d1ac9338744f61a02 -> 
  custom:video-encoder-webm-vp8: eb34c28f22e8b96e1ab97ce403110664 -> 
  custom:video-codec-MediaFoundation-h265: 746d11721c4dcdbdad8f713fa42b33f4 -> 
  custom:audio-encoder-webm-vorbis: bf7c407c2cedff20999df2af8eb42d56 -> 
  custom:framework-win-MediaFoundation: 216162199b28c13a410421893ffa2e32 -> 
  custom:container-demuxer-ogg: 62fdf1f143b41e24485cea50d1cbac27 -> 
  custom:video-decoder-webm-vp8: 9c59270c3fd7afecdb556c50c9e8de78 -> 
  custom:audio-decoder-ogg-vorbis: bf7c407c2cedff20999df2af8eb42d56 -> 
========================================================================
Received Import Request.
  Time since last request: 270.835095 seconds.
  path: Assets/Prefabs/diamanteVerde.prefab
  artifactKey: Guid(ea771ff6c3a771346a3fbcbc2747f52d) Importer(815301076,1909f56bfc062723c751e8b465ee728b)
Start importing Assets/Prefabs/diamanteVerde.prefab using Guid(ea771ff6c3a771346a3fbcbc2747f52d) Importer(815301076,1909f56bfc062723c751e8b465ee728b)  -> (artifact id: 'bdbd0ce8b671582906f6607bcbd97c77') in 0.160258 seconds 
========================================================================
Received Import Request.
  Time since last request: 2.868760 seconds.
  path: Assets/Prefabs/diamanteNegro.prefab
  artifactKey: Guid(07da76911a1ce9c478b72dbfe9ba4ba5) Importer(815301076,1909f56bfc062723c751e8b465ee728b)
Start importing Assets/Prefabs/diamanteNegro.prefab using Guid(07da76911a1ce9c478b72dbfe9ba4ba5) Importer(815301076,1909f56bfc062723c751e8b465ee728b)  -> (artifact id: '90708853962872f723a47d7fe51ef3f8') in 0.040280 seconds 
========================================================================
Received Import Request.
  Time since last request: 4.063392 seconds.
  path: Assets/Prefabs/diamanteAmarillo.prefab
  artifactKey: Guid(f415840c878ae384d9ddd32f6b5ff404) Importer(815301076,1909f56bfc062723c751e8b465ee728b)
Start importing Assets/Prefabs/diamanteAmarillo.prefab using Guid(f415840c878ae384d9ddd32f6b5ff404) Importer(815301076,1909f56bfc062723c751e8b465ee728b)  -> (artifact id: 'e70f691ded3cd950e1f5b92225dec357') in 0.032504 seconds 
========================================================================
Received Import Request.
  Time since last request: 3.682956 seconds.
  path: Assets/Prefabs/Salida.prefab
  artifactKey: Guid(86c695b41b6ec3d459f929cca56c4861) Importer(815301076,1909f56bfc062723c751e8b465ee728b)
Start importing Assets/Prefabs/Salida.prefab using Guid(86c695b41b6ec3d459f929cca56c4861) Importer(815301076,1909f56bfc062723c751e8b465ee728b)  -> (artifact id: '41900ca566a91bd11a783badbf434f65') in 0.040743 seconds 
